Información: CustomCategory:RiskSoft: 0 mini seconds publishing element
Información: CustomCategory:MGR: 15 mini seconds publishing element
Información: CapabilityPattern:EGRN_Proceso: 297 mini seconds publishing element
Información: CapabilityPattern:EGRN_Proceso: 234 mini seconds publishing process specific layout data
Información: CapabilityPattern:EGRN_A1: 171 mini seconds publishing element
Información: CapabilityPattern:EGRN_A2: 94 mini seconds publishing element
Información: CapabilityPattern:EGRN_A3: 109 mini seconds publishing element
Información: CapabilityPattern:GR_Proceso: 421 mini seconds publishing element
Información: CapabilityPattern:GR_Proceso: 265 mini seconds publishing process specific layout data
Información: CapabilityPattern:GR_A1: 125 mini seconds publishing element
Información: CapabilityPattern:GR_A2: 250 mini seconds publishing element
Información: CapabilityPattern:GR_A3: 125 mini seconds publishing element
Información: CustomCategory:GT: 15 mini seconds publishing element
Información: TermDefinition:accion_de_respuesta: 0 mini seconds publishing element
Información: TermDefinition:activo: 0 mini seconds publishing element
Información: TermDefinition:fuente_de_riesgo: 16 mini seconds publishing element
Información: TermDefinition:causa: 0 mini seconds publishing element
Información: TermDefinition:consecuencia: 0 mini seconds publishing element
Información: TermDefinition:control_de_riesgo: 15 mini seconds publishing element
Información: TermDefinition:criterios_de_aceptacion_del_Riesgo: 0 mini seconds publishing element
Información: TermDefinition:criterios_de_impacto_del_Riesgo: 0 mini seconds publishing element
Información: TermDefinition:criterios_de_probabilidad_del_riesgo: 0 mini seconds publishing element
Información: TermDefinition:estimacion_de_impacto: 16 mini seconds publishing element
Información: TermDefinition:estrategia_de_gestion_de_riesgos: 0 mini seconds publishing element
Información: TermDefinition:evento_de_riesgo: 0 mini seconds publishing element
Información: TermDefinition:metrica: 0 mini seconds publishing element
Información: TermDefinition:perfil_del_riesgo: 0 mini seconds publishing element
Información: TermDefinition:plan_de_gestion_de_riesgos: 16 mini seconds publishing element
Información: TermDefinition:poltica_de_riesgos: 0 mini seconds publishing element
Información: TermDefinition:recurso_de_gestion: 0 mini seconds publishing element
Información: TermDefinition:responsabilidad: 0 mini seconds publishing element
Información: TermDefinition:respuesta_al_riesgo: 15 mini seconds publishing element
Información: TermDefinition:riesgo: 0 mini seconds publishing element
Información: TermDefinition:variables_de_control: 0 mini seconds publishing element
Información: TaskDescriptor:EGRN_A1.01: 16 mini seconds publishing element
Información: TaskDescriptor:EGRN_A1.02: 0 mini seconds publishing element
Información: TaskDescriptor:EGRN_A1.03: 15 mini seconds publishing element
Información: TaskDescriptor:EGRN_A1.04: 16 mini seconds publishing element
Información: TaskDescriptor:EGRN_A1.05: 16 mini seconds publishing element
Información: TaskDescriptor:EGRN_A1.06: 0 mini seconds publishing element
Información: TaskDescriptor:EGRN_A1.07: 15 mini seconds publishing element
Información: TaskDescriptor:EGRN_A1.08: 16 mini seconds publishing element
Información: TaskDescriptor:EGRN_A1.09: 15 mini seconds publishing element
Información: TaskDescriptor:EGRN_A1.10: 0 mini seconds publishing element
Información: TaskDescriptor:EGRN_A2.01: 16 mini seconds publishing element
Información: TaskDescriptor:EGRN_A2.02: 16 mini seconds publishing element
Información: TaskDescriptor:EGRN_A3.01: 0 mini seconds publishing element
Información: TaskDescriptor:EGRN_A3.02: 15 mini seconds publishing element
Información: TaskDescriptor:EGRN_A3.03: 16 mini seconds publishing element
Información: TaskDescriptor:EGRN_A3.04: 0 mini seconds publishing element
Información: RoleDescriptor:CRN: 31 mini seconds publishing element
Información: RoleDescriptor:CEO: 0 mini seconds publishing element
Información: RoleDescriptor:EV: 16 mini seconds publishing element
Información: RoleDescriptor:GD: 0 mini seconds publishing element
Información: RoleDescriptor:RC: 15 mini seconds publishing element
Información: RoleDescriptor:RGRH: 0 mini seconds publishing element
Información: RoleDescriptor:RGRN: 16 mini seconds publishing element
Información: WorkProductDescriptor:WP_Acta_Apr_EGR: 686 mini seconds publishing element
Información: WorkProductDescriptor:WP_Acta_AFR_EGR: 16 mini seconds publishing element
Información: WorkProductDescriptor:WP_AR: 16 mini seconds publishing element
Información: WorkProductDescriptor:WP_DA: 0 mini seconds publishing element
Información: WorkProductDescriptor:WP_EGR: 15 mini seconds publishing element
Información: WorkProductDescriptor:WP_IE_EGR: 16 mini seconds publishing element
Información: WorkProductDescriptor:WP_IE_PGRA: 0 mini seconds publishing element
Información: WorkProductDescriptor:WP_IM_EGR: 0 mini seconds publishing element
Información: WorkProductDescriptor:WP_IS_PGRA: 15 mini seconds publishing element
Información: WorkProductDescriptor:WP_IS_EGR: 0 mini seconds publishing element
Información: WorkProductDescriptor:WP_IS_PM_EGR: 16 mini seconds publishing element
Información: WorkProductDescriptor:WP_IV_PM_EGR: 0 mini seconds publishing element
Información: WorkProductDescriptor:WP_IV_EGR: 16 mini seconds publishing element
Información: WorkProductDescriptor:WP_IS_PCEGR: 0 mini seconds publishing element
Información: WorkProductDescriptor:WP_IS_PCOM_EGR: 0 mini seconds publishing element
Información: WorkProductDescriptor:WP_LA: 0 mini seconds publishing element
Información: WorkProductDescriptor:WP_PC_EGR: 0 mini seconds publishing element
Información: WorkProductDescriptor:WP_PCOM_EGR: 16 mini seconds publishing element
Información: WorkProductDescriptor:WP_PM_EGR: 0 mini seconds publishing element
Información: WorkProductDescriptor:WP_PEO: 15 mini seconds publishing element
Información: WorkProductDescriptor:WP_PR: 0 mini seconds publishing element
Información: CapabilityPattern:EGRN_A1: 562 mini seconds publishing element
Información: CapabilityPattern:EGRN_A1: 577 mini seconds publishing process specific layout data
Información: RoleDescriptor:CRN: 0 mini seconds publishing element
Información: RoleDescriptor:RC: 16 mini seconds publishing element
Información: RoleDescriptor:RGRH: 0 mini seconds publishing element
Información: RoleDescriptor:RGRN: 15 mini seconds publishing element
Información: WorkProductDescriptor:WP_Acta_AFR_EGR: 16 mini seconds publishing element
Información: WorkProductDescriptor:WP_AR: 0 mini seconds publishing element
Información: WorkProductDescriptor:WP_EGR: 0 mini seconds publishing element
Información: WorkProductDescriptor:WP_IM_EGR: 16 mini seconds publishing element
Información: WorkProductDescriptor:WP_IS_EGR: 0 mini seconds publishing element
Información: WorkProductDescriptor:WP_IS_PM_EGR: 15 mini seconds publishing element
Información: WorkProductDescriptor:WP_IV_PM_EGR: 0 mini seconds publishing element
Información: WorkProductDescriptor:WP_IV_EGR: 0 mini seconds publishing element
Información: WorkProductDescriptor:WP_IS_PCEGR: 16 mini seconds publishing element
Información: WorkProductDescriptor:WP_IS_PCOM_EGR: 0 mini seconds publishing element
Información: WorkProductDescriptor:WP_LA: 15 mini seconds publishing element
Información: WorkProductDescriptor:WP_PC_EGR: 0 mini seconds publishing element
Información: WorkProductDescriptor:WP_PCOM_EGR: 16 mini seconds publishing element
Información: WorkProductDescriptor:WP_PM_EGR: 0 mini seconds publishing element
Información: WorkProductDescriptor:WP_PR: 0 mini seconds publishing element
Información: CapabilityPattern:EGRN_A2: 281 mini seconds publishing element
Información: CapabilityPattern:EGRN_A2: 171 mini seconds publishing process specific layout data
Información: RoleDescriptor:CRN: 16 mini seconds publishing element
Información: RoleDescriptor:CEO: 0 mini seconds publishing element
Información: RoleDescriptor:EV: 16 mini seconds publishing element
Información: RoleDescriptor:GD: 0 mini seconds publishing element
Información: RoleDescriptor:RGRN: 15 mini seconds publishing element
Información: WorkProductDescriptor:WP_Acta_AFR_EGR: 0 mini seconds publishing element
Información: WorkProductDescriptor:WP_AR: 16 mini seconds publishing element
Información: WorkProductDescriptor:WP_EGR: 0 mini seconds publishing element
Información: WorkProductDescriptor:WP_IE_EGR: 15 mini seconds publishing element
Información: WorkProductDescriptor:WP_IM_EGR: 0 mini seconds publishing element
Información: WorkProductDescriptor:WP_IS_EGR: 16 mini seconds publishing element
Información: WorkProductDescriptor:WP_IS_PM_EGR: 16 mini seconds publishing element
Información: WorkProductDescriptor:WP_IV_PM_EGR: 0 mini seconds publishing element
Información: WorkProductDescriptor:WP_IV_EGR: 15 mini seconds publishing element
Información: WorkProductDescriptor:WP_LA: 0 mini seconds publishing element
Información: WorkProductDescriptor:WP_PC_EGR: 16 mini seconds publishing element
Información: WorkProductDescriptor:WP_PM_EGR: 0 mini seconds publishing element
Información: WorkProductDescriptor:WP_PR: 15 mini seconds publishing element
Información: CapabilityPattern:EGRN_A3: 422 mini seconds publishing element
Información: CapabilityPattern:EGRN_A3: 296 mini seconds publishing process specific layout data
Información: TaskDescriptor:GR_A1.01: 16 mini seconds publishing element
Información: TaskDescriptor:GR_A1.02: 15 mini seconds publishing element
Información: TaskDescriptor:GR_A1.03: 16 mini seconds publishing element
Información: TaskDescriptor:GR_A2.01: 15 mini seconds publishing element
Información: TaskDescriptor:GR_A2.02: 16 mini seconds publishing element
Información: TaskDescriptor:GR_A2.03: 16 mini seconds publishing element
Información: TaskDescriptor:GR_A2.04: 15 mini seconds publishing element
Información: TaskDescriptor:GR_A2.05: 16 mini seconds publishing element
Información: TaskDescriptor:GR_A2.06: 15 mini seconds publishing element
Información: TaskDescriptor:GR_A3.1: 0 mini seconds publishing element
Información: TaskDescriptor:GR_A3.2: 16 mini seconds publishing element
Información: TaskDescriptor:GR_A3.3: 16 mini seconds publishing element
Información: RoleDescriptor:GD: 0 mini seconds publishing element
Información: RoleDescriptor:META: 15 mini seconds publishing element
Información: RoleDescriptor:RGRA: 16 mini seconds publishing element
Información: RoleDescriptor:RGRN: 15 mini seconds publishing element
Información: RoleDescriptor:RA: 16 mini seconds publishing element
Información: RoleDescriptor:RR: 16 mini seconds publishing element
Información: RoleDescriptor:EAS: 0 mini seconds publishing element
Información: WorkProductDescriptor:WP_Acta_Apr_PGRA: 0 mini seconds publishing element
Información: WorkProductDescriptor:WP_Acta_AFR_EGR: 0 mini seconds publishing element
Información: WorkProductDescriptor:WP_Acta_AFR_GRA: 16 mini seconds publishing element
Información: WorkProductDescriptor:WP_AR: 0 mini seconds publishing element
Información: WorkProductDescriptor:WP_CR: 15 mini seconds publishing element
Información: WorkProductDescriptor:WP_DA: 0 mini seconds publishing element
Información: WorkProductDescriptor:WP_EGR: 0 mini seconds publishing element
Información: WorkProductDescriptor:WP_FRA: 16 mini seconds publishing element
Información: WorkProductDescriptor:WP_IE_PGRA: 0 mini seconds publishing element
Información: WorkProductDescriptor:WP_IM_EGR: 0 mini seconds publishing element
Información: WorkProductDescriptor:WP_ISR: 15 mini seconds publishing element
Información: WorkProductDescriptor:WP_IS_PGRA: 0 mini seconds publishing element
Información: WorkProductDescriptor:WP_IS_PTR: 16 mini seconds publishing element
Información: WorkProductDescriptor:WP_IS_EGR: 0 mini seconds publishing element
Información: WorkProductDescriptor:WP_IS_PM_EGR: 15 mini seconds publishing element
Información: WorkProductDescriptor:WP_IS_PM_PGRA: 0 mini seconds publishing element
Información: WorkProductDescriptor:WP_IV_PM_EGR: 16 mini seconds publishing element
Información: WorkProductDescriptor:WP_IV_EGR: 0 mini seconds publishing element
Información: WorkProductDescriptor:WP_IV_CR: 16 mini seconds publishing element
Información: WorkProductDescriptor:WP_IV_PGRA: 0 mini seconds publishing element
Información: WorkProductDescriptor:WP_LA: 15 mini seconds publishing element
Información: WorkProductDescriptor:WP_PRiesgo: 0 mini seconds publishing element
Información: WorkProductDescriptor:WP_PC_EGR: 16 mini seconds publishing element
Información: WorkProductDescriptor:WP_PCOM_PGRA: 0 mini seconds publishing element
Información: WorkProductDescriptor:WP_PGRA: 15 mini seconds publishing element
Información: WorkProductDescriptor:WP_PGA: 0 mini seconds publishing element
Información: WorkProductDescriptor:WP_PM_EGR: 16 mini seconds publishing element
Información: WorkProductDescriptor:WP_PM_PGRA: 0 mini seconds publishing element
Información: WorkProductDescriptor:WP_TR: 16 mini seconds publishing element
Información: WorkProductDescriptor:WP_PR: 0 mini seconds publishing element
Información: CapabilityPattern:GR_A1: 592 mini seconds publishing element
Información: CapabilityPattern:GR_A1: 297 mini seconds publishing process specific layout data
Información: RoleDescriptor:GD: 15 mini seconds publishing element
Información: RoleDescriptor:META: 0 mini seconds publishing element
Información: RoleDescriptor:RGRA: 16 mini seconds publishing element
Información: RoleDescriptor:RGRN: 16 mini seconds publishing element
Información: RoleDescriptor:RA: 15 mini seconds publishing element
Información: WorkProductDescriptor:WP_Acta_Apr_PGRA: 16 mini seconds publishing element
Información: WorkProductDescriptor:WP_Acta_AFR_EGR: 0 mini seconds publishing element
Información: WorkProductDescriptor:WP_Acta_AFR_GRA: 15 mini seconds publishing element
Información: WorkProductDescriptor:WP_AR: 0 mini seconds publishing element
Información: WorkProductDescriptor:WP_CR: 0 mini seconds publishing element
Información: WorkProductDescriptor:WP_DA: 16 mini seconds publishing element
Información: WorkProductDescriptor:WP_EGR: 0 mini seconds publishing element
Información: WorkProductDescriptor:WP_FRA: 16 mini seconds publishing element
Información: WorkProductDescriptor:WP_IE_PGRA: 0 mini seconds publishing element
Información: WorkProductDescriptor:WP_IM_EGR: 0 mini seconds publishing element
Información: WorkProductDescriptor:WP_IS_PGRA: 15 mini seconds publishing element
Información: WorkProductDescriptor:WP_IS_PTR: 0 mini seconds publishing element
Información: WorkProductDescriptor:WP_IS_EGR: 0 mini seconds publishing element
Información: WorkProductDescriptor:WP_IS_PM_EGR: 0 mini seconds publishing element
Información: WorkProductDescriptor:WP_IS_PM_PGRA: 15 mini seconds publishing element
Información: WorkProductDescriptor:WP_IV_PM_EGR: 0 mini seconds publishing element
Información: WorkProductDescriptor:WP_IV_EGR: 16 mini seconds publishing element
Información: WorkProductDescriptor:WP_IV_CR: 0 mini seconds publishing element
Información: WorkProductDescriptor:WP_IV_PGRA: 16 mini seconds publishing element
Información: WorkProductDescriptor:WP_LA: 0 mini seconds publishing element
Información: WorkProductDescriptor:WP_PRiesgo: 15 mini seconds publishing element
Información: WorkProductDescriptor:WP_PC_EGR: 16 mini seconds publishing element
Información: WorkProductDescriptor:WP_PCOM_PGRA: 0 mini seconds publishing element
Información: WorkProductDescriptor:WP_PGRA: 15 mini seconds publishing element
Información: WorkProductDescriptor:WP_PM_EGR: 0 mini seconds publishing element
Información: WorkProductDescriptor:WP_PM_PGRA: 0 mini seconds publishing element
Información: WorkProductDescriptor:WP_PR: 16 mini seconds publishing element
Información: CapabilityPattern:GR_A2: 234 mini seconds publishing element
Información: CapabilityPattern:GR_A2: 140 mini seconds publishing process specific layout data
Información: RoleDescriptor:GD: 0 mini seconds publishing element
Información: RoleDescriptor:META: 0 mini seconds publishing element
Información: RoleDescriptor:RGRA: 16 mini seconds publishing element
Información: RoleDescriptor:RGRN: 16 mini seconds publishing element
Información: RoleDescriptor:RA: 15 mini seconds publishing element
Información: RoleDescriptor:RR: 0 mini seconds publishing element
Información: RoleDescriptor:EAS: 16 mini seconds publishing element
Información: WorkProductDescriptor:WP_Acta_Apr_PGRA: 0 mini seconds publishing element
Información: WorkProductDescriptor:WP_Acta_AFR_EGR: 15 mini seconds publishing element
Información: WorkProductDescriptor:WP_Acta_AFR_GRA: 0 mini seconds publishing element
Información: WorkProductDescriptor:WP_AR: 16 mini seconds publishing element
Información: WorkProductDescriptor:WP_CR: 0 mini seconds publishing element
Información: WorkProductDescriptor:WP_EGR: 0 mini seconds publishing element
Información: WorkProductDescriptor:WP_FRA: 16 mini seconds publishing element
Información: WorkProductDescriptor:WP_IE_PGRA: 0 mini seconds publishing element
Información: WorkProductDescriptor:WP_IM_EGR: 15 mini seconds publishing element
Información: WorkProductDescriptor:WP_ISR: 0 mini seconds publishing element
Información: WorkProductDescriptor:WP_IS_PGRA: 16 mini seconds publishing element
Información: WorkProductDescriptor:WP_IS_PTR: 0 mini seconds publishing element
Información: WorkProductDescriptor:WP_IS_EGR: 15 mini seconds publishing element
Información: WorkProductDescriptor:WP_IS_PM_EGR: 0 mini seconds publishing element
Información: WorkProductDescriptor:WP_IS_PM_PGRA: 16 mini seconds publishing element
Información: WorkProductDescriptor:WP_IV_PM_EGR: 0 mini seconds publishing element
Información: WorkProductDescriptor:WP_IV_EGR: 16 mini seconds publishing element
Información: WorkProductDescriptor:WP_IV_CR: 0 mini seconds publishing element
Información: WorkProductDescriptor:WP_IV_PGRA: 0 mini seconds publishing element
Información: WorkProductDescriptor:WP_LA: 15 mini seconds publishing element
Información: WorkProductDescriptor:WP_PRiesgo: 0 mini seconds publishing element
Información: WorkProductDescriptor:WP_PC_EGR: 16 mini seconds publishing element
Información: WorkProductDescriptor:WP_PCOM_PGRA: 0 mini seconds publishing element
Información: WorkProductDescriptor:WP_PGRA: 15 mini seconds publishing element
Información: WorkProductDescriptor:WP_PM_EGR: 0 mini seconds publishing element
Información: WorkProductDescriptor:WP_PM_PGRA: 16 mini seconds publishing element
Información: WorkProductDescriptor:WP_TR: 0 mini seconds publishing element
Información: WorkProductDescriptor:WP_PR: 0 mini seconds publishing element
Información: CapabilityPattern:GR_A3: 437 mini seconds publishing element
Información: CapabilityPattern:GR_A3: 437 mini seconds publishing process specific layout data
Información: Task:EGRN_A1.01: 15 mini seconds publishing element
Información: Whitepaper:D1_BPGRI: 16 mini seconds publishing element
Información: Task:EGRN_A1.02: 0 mini seconds publishing element
Información: Task:EGRN_A1.03: 15 mini seconds publishing element
Información: Task:EGRN_A1.04: 0 mini seconds publishing element
Información: Task:EGRN_A1.05: 16 mini seconds publishing element
Información: Task:EGRN_A1.06: 16 mini seconds publishing element
Información: Task:EGRN_A1.07: 0 mini seconds publishing element
Información: Task:EGRN_A1.08: 15 mini seconds publishing element
Información: Task:EGRN_A1.09: 16 mini seconds publishing element
Información: Task:EGRN_A1.10: 15 mini seconds publishing element
Información: Task:EGRN_A2.01: 0 mini seconds publishing element
Información: Task:EGRN_A2.02: 16 mini seconds publishing element
Información: Task:EGRN_A3.01: 0 mini seconds publishing element
Información: Task:EGRN_A3.02: 16 mini seconds publishing element
Información: Task:EGRN_A3.03: 15 mini seconds publishing element
Información: Task:EGRN_A3.04: 0 mini seconds publishing element
Información: Role:CRN: 63 mini seconds publishing element
Información: Role:CEO: 15 mini seconds publishing element
Información: Role:EV: 16 mini seconds publishing element
Información: Role:GD: 15 mini seconds publishing element
Información: Role:RC: 32 mini seconds publishing element
Información: Role:RGRH: 31 mini seconds publishing element
Información: Role:RGRN: 78 mini seconds publishing element
Información: Artifact:WP_Acta_Apr_EGR: 15 mini seconds publishing element
Información: Template:P_Acta: 16 mini seconds publishing element
Información: Artifact:WP_Acta_AFR_EGR: 0 mini seconds publishing element
Información: Artifact:WP_AR: 16 mini seconds publishing element
Información: Artifact:WP_DA: 0 mini seconds publishing element
Información: Artifact:WP_EGR: 15 mini seconds publishing element
Información: Template:P_EGR: 0 mini seconds publishing element
Información: Artifact:WP_IE_EGR: 16 mini seconds publishing element
Información: Template:P_IE: 0 mini seconds publishing element
Información: Artifact:WP_IE_PGRA: 15 mini seconds publishing element
Información: Artifact:WP_IM_EGR: 0 mini seconds publishing element
Información: Artifact:WP_IS_PGRA: 16 mini seconds publishing element
Información: Template:P_IS: 0 mini seconds publishing element
Información: Artifact:WP_IS_EGR: 16 mini seconds publishing element
Información: Artifact:WP_IS_PM_EGR: 0 mini seconds publishing element
Información: Artifact:WP_IV_PM_EGR: 15 mini seconds publishing element
Información: Template:P_IV: 0 mini seconds publishing element
Información: Artifact:WP_IV_EGR: 16 mini seconds publishing element
Información: Artifact:WP_IS_PCEGR: 0 mini seconds publishing element
Información: Artifact:WP_IS_PCOM_EGR: 15 mini seconds publishing element
Información: Artifact:WP_LA: 0 mini seconds publishing element
Información: Artifact:WP_PC_EGR: 16 mini seconds publishing element
Información: Artifact:WP_PCOM_EGR: 0 mini seconds publishing element
Información: Artifact:WP_PM_EGR: 16 mini seconds publishing element
Información: Artifact:WP_PEO: 0 mini seconds publishing element
Información: Artifact:WP_PR: 15 mini seconds publishing element
Información: Template:P_PR: 0 mini seconds publishing element
Información: Task:GR_A1.01: 47 mini seconds publishing element
Información: Task:GR_A1.02: 16 mini seconds publishing element
Información: Task:GR_A1.03: 15 mini seconds publishing element
Información: Task:GR_A2.01: 16 mini seconds publishing element
Información: Task:GR_A2.02: 15 mini seconds publishing element
Información: Task:GR_A2.03: 16 mini seconds publishing element
Información: Task:GR_A2.04: 16 mini seconds publishing element
Información: Task:GR_A2.05: 15 mini seconds publishing element
Información: Task:GR_A2.06: 16 mini seconds publishing element
Información: Task:GR_A3.1: 0 mini seconds publishing element
Información: Task:GR_A3.2: 15 mini seconds publishing element
Información: Task:GR_A3.3: 16 mini seconds publishing element
Información: Role:META: 16 mini seconds publishing element
Información: Role:RGRA: 93 mini seconds publishing element
Información: Role:RA: 63 mini seconds publishing element
Información: Role:RR: 31 mini seconds publishing element
Información: Role:EAS: 0 mini seconds publishing element
Información: Artifact:WP_Acta_Apr_PGRA: 15 mini seconds publishing element
Información: Artifact:WP_Acta_AFR_GRA: 0 mini seconds publishing element
Información: Artifact:WP_CR: 16 mini seconds publishing element
Información: Template:P_CR: 0 mini seconds publishing element
Información: Artifact:WP_FRA: 16 mini seconds publishing element
Información: Template:P_FRA: 0 mini seconds publishing element
Información: Artifact:WP_ISR: 15 mini seconds publishing element
Información: Template:P_ISR: 0 mini seconds publishing element
Información: Artifact:WP_IS_PTR: 16 mini seconds publishing element
Información: Artifact:WP_IS_PM_PGRA: 0 mini seconds publishing element
Información: Artifact:WP_IV_CR: 15 mini seconds publishing element
Información: Artifact:WP_IV_PGRA: 0 mini seconds publishing element
Información: Artifact:WP_PRiesgo: 16 mini seconds publishing element
Información: Template:P_PRiesgo: 0 mini seconds publishing element
Información: Artifact:WP_PCOM_PGRA: 16 mini seconds publishing element
Información: Artifact:WP_PGRA: 0 mini seconds publishing element
Información: Template:P_PGRA: 15 mini seconds publishing element
Información: Artifact:WP_PGA: 0 mini seconds publishing element
Información: Artifact:WP_PM_PGRA: 0 mini seconds publishing element
Información: Artifact:WP_TR: 16 mini seconds publishing element
Información: Template:P_TR: 0 mini seconds publishing element
Información: Artifact:WP_Acta: 15 mini seconds publishing element
Información: Artifact:WP_IE: 0 mini seconds publishing element
Información: Artifact:WP_IM: 0 mini seconds publishing element
Información: Artifact:WP_IS: 16 mini seconds publishing element
Información: Artifact:WP_IV: 0 mini seconds publishing element
Información: Artifact:WP_PCOM: 0 mini seconds publishing element
Información: Artifact:WP_PM: 0 mini seconds publishing element
Información: Artifact:WP_IM_PGR: 16 mini seconds publishing element
Información: : Publishing time: 0 minutes 11 seconds
